Loading required package: stringr
Loading required package: stringi
Loading required package: dplyr

Attaching package: ‘dplyr’

The following objects are masked from ‘package:stats’:

    filter, lag

The following objects are masked from ‘package:base’:

    intersect, setdiff, setequal, union

Loading required package: magrittr
Loading required package: rvest
Loading required package: robotstxt
Loading required package: googlesheets4
Loading required package: lubridate

Attaching package: ‘lubridate’

The following objects are masked from ‘package:base’:

    date, intersect, setdiff, union

Loading required package: cronR
Loading required package: miniUI
Loading required package: shiny
Loading required package: shinyFiles

Execution halted
Loading required package: stringr
Loading required package: stringi
Loading required package: dplyr

Attaching package: ‘dplyr’

The following objects are masked from ‘package:stats’:

    filter, lag

The following objects are masked from ‘package:base’:

    intersect, setdiff, setequal, union

Loading required package: magrittr
Loading required package: rvest
Loading required package: robotstxt
Loading required package: googlesheets4
Loading required package: lubridate

Attaching package: ‘lubridate’

The following objects are masked from ‘package:base’:

    date, intersect, setdiff, union

Loading required package: cronR
Loading required package: miniUI
Loading required package: shiny
Loading required package: shinyFiles
Using an auto-discovered, cached token.
To suppress this message, modify your code or options to clearly consent to the use of a cached token.
See gargle's "Non-interactive auth" vignette for more details:
https://gargle.r-lib.org/articles/non-interactive-auth.html
The googlesheets4 package is using a cached token for mars.fatih@googlemail.com.

Execution halted
Loading required package: stringr
Loading required package: stringi
Loading required package: dplyr

Attaching package: ‘dplyr’

The following objects are masked from ‘package:stats’:

    filter, lag

The following objects are masked from ‘package:base’:

    intersect, setdiff, setequal, union

Loading required package: magrittr
Loading required package: rvest
Loading required package: robotstxt
Loading required package: googlesheets4
Loading required package: lubridate

Attaching package: ‘lubridate’

The following objects are masked from ‘package:base’:

    date, intersect, setdiff, union

Loading required package: cronR
Loading required package: miniUI
Loading required package: shiny
Loading required package: shinyFiles
Using an auto-discovered, cached token.
To suppress this message, modify your code or options to clearly consent to the use of a cached token.
See gargle's "Non-interactive auth" vignette for more details:
https://gargle.r-lib.org/articles/non-interactive-auth.html
The googlesheets4 package is using a cached token for mars.fatih@googlemail.com.

Execution halted
